<?xml version="1.0" encoding="UTF-8"?>
<!-- Generated by org.testng.reporters.JUnitXMLReporter -->
<testsuite ignored="0" hostname="MURALIKURUMA" failures="0" tests="3" name="Default test" time="0.108" errors="0" timestamp="2025-07-31T09:49:15 IST">
  <testcase classname="DataProviders.Using_MultipeSetOfDataProviders" name="loginTestScript" time="0.018"/>
  <testcase classname="DataProviders.Using_MultipeSetOfDataProviders" name="loginTestScript" time="0.001"/>
  <testcase classname="DataProviders.Using_MultipeSetOfDataProviders" name="loginTestScript" time="0.003"/>
</testsuite> <!-- Default test -->
