<?xml version="1.0" encoding="UTF-8"?>
<!-- Generated by org.testng.reporters.JUnitXMLReporter -->
<testsuite ignored="0" hostname="MURALIKURUMA" failures="0" tests="7" name="Test_edge" time="139.646" errors="0" timestamp="2025-07-30T09:58:41 IST">
  <testcase classname="TestNG.Using_NavigateFacebook" name="facebookTest" time="81.13"/>
  <testcase classname="TestNG.Using_NavigateFlipkart" name="flipkart" time="58.365"/>
  <testcase classname="TestNG.Using_invocationCount" name="register" time="0.0"/>
  <testcase classname="TestNG.Using_invocationCount" name="login" time="0.007"/>
  <testcase classname="TestNG.Using_invocationCount" name="create" time="0.006"/>
  <testcase classname="TestNG.Using_invocationCount" name="create" time="0.005"/>
  <testcase classname="TestNG.Using_invocationCount" name="create" time="0.006"/>
</testsuite> <!-- Test_edge -->
