<?xml version="1.0" encoding="UTF-8"?>
<!-- Generated by org.testng.reporters.JUnitXMLReporter -->
<testsuite ignored="0" hostname="MURALIKURUMA" failures="0" tests="7" name="Test_chrome" time="105.975" errors="0" timestamp="2025-07-30T09:58:07 IST">
  <testcase classname="TestNG.Using_NavigateFacebook" name="facebookTest" time="35.268"/>
  <testcase classname="TestNG.Using_NavigateFlipkart" name="flipkart" time="70.589"/>
  <testcase classname="TestNG.Using_invocationCount" name="register" time="0.002"/>
  <testcase classname="TestNG.Using_invocationCount" name="login" time="0.002"/>
  <testcase classname="TestNG.Using_invocationCount" name="create" time="0.001"/>
  <testcase classname="TestNG.Using_invocationCount" name="create" time="0.001"/>
  <testcase classname="TestNG.Using_invocationCount" name="create" time="0.002"/>
</testsuite> <!-- Test_chrome -->
