<?xml version="1.0" encoding="UTF-8"?>
<!-- Generated by org.testng.reporters.JUnitXMLReporter -->
<testsuite ignored="1" hostname="MURALIKURUMA" failures="0" tests="2" name="Test" time="19.942" errors="0" timestamp="2025-07-30T09:26:30 IST">
  <testcase classname="TestNG.Using_NavigateFlipkart" name="flipkart" time="13.219"/>
  <testcase classname="TestNG.Using_NavigateFacebook" name="facebookTest" time="6.63"/>
  <testcase classname="TestNG.Using_NavigateSwiggy" name="swiggy" time="0.0">
    <ignored/>
  </testcase> <!-- swiggy -->
</testsuite> <!-- Test -->
