<?xml version="1.0" encoding="UTF-8"?>
<testng-results ignored="0" total="3" passed="3" failed="0" skipped="0">
  <reporter-output>
  </reporter-output>
  <suite started-at="2025-07-31T09:49:15 IST" name="Default suite" finished-at="2025-07-31T09:49:15 IST" duration-ms="108">
    <groups>
    </groups>
    <test started-at="2025-07-31T09:49:15 IST" name="Default test" finished-at="2025-07-31T09:49:15 IST" duration-ms="108">
      <class name="DataProviders.Using_MultipeSetOfDataProviders">
        <test-method signature="loginTestScript(java.lang.String,java.lang.String)[pri:0, instance:DataProviders.Using_MultipeSetOfDataProviders@4562e04d]" started-at="2025-07-31T09:49:15 IST" name="loginTestScript" data-provider="data" finished-at="2025-07-31T09:49:15 IST" duration-ms="18" status="PASS">
          <params>
            <param index="0">
              <value>
                <![CDATA[user1]]>
              </value>
            </param>
            <param index="1">
              <value>
                <![CDATA[pswd1]]>
              </value>
            </param>
          </params>
          <reporter-output>
          </reporter-output>
        </test-method> <!-- loginTestScript -->
        <test-method signature="loginTestScript(java.lang.String,java.lang.String)[pri:0, instance:DataProviders.Using_MultipeSetOfDataProviders@4562e04d]" started-at="2025-07-31T09:49:15 IST" name="loginTestScript" data-provider="data" finished-at="2025-07-31T09:49:15 IST" duration-ms="1" status="PASS">
          <params>
            <param index="0">
              <value>
                <![CDATA[user2]]>
              </value>
            </param>
            <param index="1">
              <value>
                <![CDATA[pswd2]]>
              </value>
            </param>
          </params>
          <reporter-output>
          </reporter-output>
        </test-method> <!-- loginTestScript -->
        <test-method signature="loginTestScript(java.lang.String,java.lang.String)[pri:0, instance:DataProviders.Using_MultipeSetOfDataProviders@4562e04d]" started-at="2025-07-31T09:49:15 IST" name="loginTestScript" data-provider="data" finished-at="2025-07-31T09:49:15 IST" duration-ms="3" status="PASS">
          <params>
            <param index="0">
              <value>
                <![CDATA[user3]]>
              </value>
            </param>
            <param index="1">
              <value>
                <![CDATA[pswd3]]>
              </value>
            </param>
          </params>
          <reporter-output>
          </reporter-output>
        </test-method> <!-- loginTestScript -->
      </class> <!-- DataProviders.Using_MultipeSetOfDataProviders -->
    </test> <!-- Default test -->
  </suite> <!-- Default suite -->
</testng-results>
